
ROM used:   4908/32768 (15%)
            4908/32768 (15%) including unused fragments

            3.3 Average locations per line
            13.6 Average locations per statement

RAM used:   36/2048 (2%) at main() level
            65/2048 (3%) worst case

Stack used: 5 worst case (5 in main + 0 for interrupts)
Stack size: 31

Lines Stmts  %   Files
----- ----- ---  -----
  430   287  79  Dong ho LCD Nhiet do.c
  841     0   0  ..\..\..\..\..\Program Files (x86)\PICC\Devices\18F4550.h
   85    32   9  ..\..\..\..\..\Program Files (x86)\PICC\Drivers\LCD 4 bit.c
   32     0   0  ..\..\..\..\..\Program Files (x86)\PICC\Drivers\stddef.h
   40    17   5  1wire.c
   44    26   7  ds1820.c
----- -----
 1472   362 Total

Page ROM  %  RAM    Vol Diff  Functions:
---- --- --- ---    --- ----  ----------
0     40   0    1             @delay_ms1
0     26   0    1             @delay_us1
0    102   1    3             @I2C_READ_1
0    108   1    1             @I2C_WRITE_1
0     62   1    0    245  1.4  LCD_Init
0     16   0    1     65  1.2  LCD_PutChar
0     22   0    1     90  1.4  LCD_PutCmd
0     26   0    0     72  1.2  LCD_PulseEnable
0     50   1    1    185  1.8  LCD_SetData
0     32   0    1     67  1.2  onewire_reset
0     44   0    2    223  4.3  ghi_1wire
0     48   0    2    235  4.5  doc_1wire
0    234   2    9    724  6.3  ds1820_read
0     54   1    2             @ITOF
0    346   4   14             @DIVFF
0    242   2   11             @MULFF
0     58   1    4             @SFTOI
0    418   4    2   2163  4.4  hienthi1
0     64   1    5             @FTOSD
0    142   1   13             @DIV3232
0    378   4   13             @PRINTF_L32D_633FPFPF
0    258   3    1    662  5.2  MAIN
0     14   0    0             @const735
0     32   0    2             @PSTRINGC_633
0     18   0    0             @const740
0     90   1    0    614  3.4  convert_bcd
0    916   9    4   5530 12.9  chinh_gio
0     40   0    3             @DIV88
0     38   0    0             @goto17904
0     38   0    0             @goto17948
0     30   0    0             @const750
0    116   1    3    612  7.3  tinh_thu
0    314   3    4    533  2.9  ReadRTC
0    262   3    3    388  2.3  WriteRTC
0    226   2    2    336  3.7  rtc_init
 Inline         0             @cinit1

Program metrics:
    Functions               17
    Statements              362
    Comments                378
    Volume (V)              18988
    Difficulty (D)          65.0
    Effort to implement (E) 1233472
    Time to implement (T)   19 hours, 2 minutes
    Est Delivered Bugs (B)  4
    Cyclomatic Complexity   47
    Maintainability (MI)    127

 Segment     Used  Free
-----------  ----  ----
00000-00002     4  0  
00004-07FFE  4904  27860  



